<?xml version="1.0" encoding="UTF-8"?>
<!-- Generated by org.testng.reporters.JUnitReportReporter -->
<testsuite skipped="0" hostname="DESKTOP-CQGTKGA" name="Basics" tests="1" failures="0" timestamp="06 Aug 2019 02:49:50 GMT" time="3.919" errors="0">
  <testcase name="Test1" time="3.919" classname="Basics"/>
</testsuite> <!-- Basics -->
