<?xml version="1.0" encoding="UTF-8"?>
<!-- Generated by org.testng.reporters.JUnitReportReporter -->
<testsuite skipped="0" hostname="DESKTOP-CQGTKGA" name="AddDelete" tests="1" failures="0" timestamp="21 Aug 2019 01:56:25 GMT" time="4.017" errors="0">
  <testcase name="addDeletePlace" time="4.017" classname="AddDelete"/>
</testsuite> <!-- AddDelete -->
