<?xml version="1.0" encoding="UTF-8"?>
<!-- Generated by org.testng.reporters.JUnitReportReporter -->
<testsuite skipped="0" hostname="DESKTOP-CQGTKGA" name="Params" tests="1" failures="0" timestamp="08 Aug 2019 02:25:23 GMT" time="4.776" errors="0">
  <testcase name="postData" time="4.776" classname="Params"/>
</testsuite> <!-- Params -->
