<?xml version="1.0" encoding="UTF-8"?>
<!-- Generated by org.testng.reporters.JUnitReportReporter -->
<testsuite skipped="0" hostname="DESKTOP-CQGTKGA" name="Add_XML" tests="1" failures="0" timestamp="21 Aug 2019 00:31:51 GMT" time="4.176" errors="0">
  <testcase name="addPlace" time="4.176" classname="Add_XML"/>
</testsuite> <!-- Add_XML -->
