<?xml version="1.0" encoding="UTF-8"?>
<!-- Generated by org.testng.reporters.JUnitReportReporter -->
<testsuite skipped="0" hostname="DESKTOP-CQGTKGA" name="Add_XML" tests="1" failures="0" timestamp="19 Aug 2019 02:24:26 GMT" time="4.060" errors="0">
  <testcase name="addPlace" time="4.060" classname="Add_XML"/>
</testsuite> <!-- Add_XML -->
