<?xml version="1.0" encoding="UTF-8"?>
<!-- Generated by org.testng.reporters.JUnitReportReporter -->
<testsuite skipped="0" hostname="DESKTOP-CQGTKGA" name="AddDelete" tests="1" failures="0" timestamp="18 Aug 2019 23:28:12 GMT" time="4.123" errors="0">
  <testcase name="addDeletePlace" time="4.123" classname="AddDelete"/>
</testsuite> <!-- AddDelete -->
